#
# A fatal error has been detected by the Java Runtime Environment:
#
#  EXCEPTION_ACCESS_VIOLATION (0xc0000005) at pc=0x00007ff85bd56d1d, pid=8976, tid=10056
#
# JRE version: OpenJDK Runtime Environment (11.0.10) (build 11.0.10+0-b96-7249189)
# Java VM: OpenJDK 64-Bit Server VM (11.0.10+0-b96-7249189, mixed mode, tiered, compressed oops, g1 gc, windows-amd64)
# Problematic frame:
# V  [jvm.dll+0x506d1d]
#
# No core dump will be written. Minidumps are not enabled by default on client versions of Windows
#
# If you would like to submit a bug report, please visit:
#   https://bugreport.java.com/bugreport/crash.jsp
#

---------------  S U M M A R Y ------------

Command Line: --add-opens=java.base/java.util=ALL-UNNAMED --add-opens=java.base/java.lang=ALL-UNNAMED --add-opens=java.base/java.lang.invoke=ALL-UNNAMED --add-opens=java.base/java.util=ALL-UNNAMED --add-opens=java.prefs/java.util.prefs=ALL-UNNAMED --add-opens=java.prefs/java.util.prefs=ALL-UNNAMED --add-opens=java.base/java.nio.charset=ALL-UNNAMED --add-opens=java.base/java.net=ALL-UNNAMED --add-opens=java.base/java.util.concurrent.atomic=ALL-UNNAMED -Xmx2048m -Dfile.encoding=UTF-8 -Duser.country=US -Duser.language=en -Duser.variant org.gradle.launcher.daemon.bootstrap.GradleDaemon 7.0.2

Host: Intel(R) Core(TM) i5-3340M CPU @ 2.70GHz, 4 cores, 9G,  Windows 10 , 64 bit Build 19041 (10.0.19041.1348)
Time: Thu Nov 25 11:33:32 2021 GMT Standard Time elapsed time: 324.521633 seconds (0d 0h 5m 24s)

---------------  T H R E A D  ---------------

Current thread (0x0000028f6f3fe000):  JavaThread "C2 CompilerThread0" daemon [_thread_in_native, id=10056, stack(0x0000009cc6a00000,0x0000009cc6b00000)]


Current CompileTask:
C2: 324521 17906       4       org.gradle.api.internal.artifacts.transform.TransformingAsyncArtifactListener$TransformedArtifact::startFinalization (15 bytes)

Stack: [0x0000009cc6a00000,0x0000009cc6b00000],  sp=0x0000009cc6afb5f0,  free space=1005k
Native frames: (J=compiled Java code, j=interpreted, Vv=VM code, C=native code)
V  [jvm.dll+0x506d1d]
V  [jvm.dll+0x506347]
V  [jvm.dll+0x1fc985]
V  [jvm.dll+0x1fa77f]
V  [jvm.dll+0x18354c]
V  [jvm.dll+0x208ee7]
V  [jvm.dll+0x207731]
V  [jvm.dll+0x6eb1cf]
V  [jvm.dll+0x6e3d45]
V  [jvm.dll+0x5ebe96]
C  [ucrtbase.dll+0x21bb2]
C  [KERNEL32.DLL+0x17034]
C  [ntdll.dll+0x52651]


siginfo: EXCEPTION_ACCESS_VIOLATION (0xc0000005), reading address 0xffffffffffffffff


Register to memory mapping:

RIP=0x00007ff85bd56d1d jvm.dll
RAX=0x02007ff85c0340f0 is an unknown value
RBX=0x0000028f73acf218 points into unknown readable memory: 0x00007ff85c0340f0 | f0 40 03 5c f8 7f 00 00
RCX=0x0000028f73acf218 points into unknown readable memory: 0x00007ff85c0340f0 | f0 40 03 5c f8 7f 00 00
RDX=0x0000028f748c38c8 points into unknown readable memory: 0xffffffffff3fb20f | 0f b2 3f ff ff ff ff ff
RSP=0x0000009cc6afb5f0 is pointing into the stack for thread: 0x0000028f6f3fe000
RBP=0x0000009cc6afb760 is pointing into the stack for thread: 0x0000028f6f3fe000
RSI=0x0000000000000ea3 is an unknown value
RDI=0x0000009cc6afb710 is pointing into the stack for thread: 0x0000028f6f3fe000
R8 =0x0000000000008000 is an unknown value
R9 =0x0000009cc6afbc10 is pointing into the stack for thread: 0x0000028f6f3fe000
R10=0x0000028f7512e940 points into unknown readable memory: 0x0000028f7fb98c60 | 60 8c b9 7f 8f 02 00 00
R11=0x0000028f751e0a10 points into unknown readable memory: 0x0000028f76552c68 | 68 2c 55 76 8f 02 00 00
R12=0x0000009cc6afb6a8 is pointing into the stack for thread: 0x0000028f6f3fe000
R13=0x0000009cc6afb680 is pointing into the stack for thread: 0x0000028f6f3fe000
R14=0x0000000000000001 is an unknown value
R15=0x0000028f73ace9e0 points into unknown readable memory: 0x00007ff85c034288 | 88 42 03 5c f8 7f 00 00


Registers:
RAX=0x02007ff85c0340f0, RBX=0x0000028f73acf218, RCX=0x0000028f73acf218, RDX=0x0000028f748c38c8
RSP=0x0000009cc6afb5f0, RBP=0x0000009cc6afb760, RSI=0x0000000000000ea3, RDI=0x0000009cc6afb710
R8 =0x0000000000008000, R9 =0x0000009cc6afbc10, R10=0x0000028f7512e940, R11=0x0000028f751e0a10
R12=0x0000009cc6afb6a8, R13=0x0000009cc6afb680, R14=0x0000000000000001, R15=0x0000028f73ace9e0
RIP=0x00007ff85bd56d1d, EFLAGS=0x0000000000010202

Top of Stack: (sp=0x0000009cc6afb5f0)
0x0000009cc6afb5f0:   0000028f73ad0968 0000009cc6afb760
0x0000009cc6afb600:   0000000000000ec4 0000009cc6afb6a8
0x0000009cc6afb610:   0000009cc6afc5e8 00007ff85be1c470
0x0000009cc6afb620:   0000028f6ea81860 0000000000000003
0x0000009cc6afb630:   0000028f7f73dad0 0000009cc6afb760
0x0000009cc6afb640:   0000000000000000 0000000000000002
0x0000009cc6afb650:   0000009cc6afbc10 00007ff85bd56347
0x0000009cc6afb660:   0000009cc6afbc10 0000000000000001
0x0000009cc6afb670:   0000000000000003 0000009cc6afb710
0x0000009cc6afb680:   0000028f6ea81860 0000028f00002000
0x0000009cc6afb690:   0000028f78d6e3e0 0000000000000ea2
0x0000009cc6afb6a0:   0000000000000003 00007ff85c0bde48
0x0000009cc6afb6b0:   0000028f6ea81860 0000000000000200
0x0000009cc6afb6c0:   0000028f748c3490 0000028f6ea81860
0x0000009cc6afb6d0:   0000028f76077f60 00000000000b81f8
0x0000009cc6afb6e0:   0000028f76077fb0 0000028f7607ff48 

Instructions: (pc=0x00007ff85bd56d1d)
0x00007ff85bd56c1d:   24 48 48 89 74 24 40 4c 89 74 24 38 4c 89 7c 24
0x00007ff85bd56c2d:   30 66 90 41 ff 4d 18 41 8b 4d 18 49 8b 45 10 4c
0x00007ff85bd56c3d:   8b 3c c8 41 8b 4f 28 8b c1 c1 e8 05 41 3b 44 24
0x00007ff85bd56c4d:   10 72 13 49 8b 04 24 8b d1 49 8b cc ff 50 18 4c
0x00007ff85bd56c5d:   8b 4c 24 70 eb 2a 83 e1 1f 41 b8 01 00 00 00 41
0x00007ff85bd56c6d:   d3 e0 8b c8 49 8b 44 24 18 48 8d 14 88 8b 0c 88
0x00007ff85bd56c7d:   8b c1 41 0b c8 89 0a 41 23 c0 0f 85 c0 01 00 00
0x00007ff85bd56c8d:   41 8b 4f 20 45 33 f6 89 8c 24 80 00 00 00 0f 1f
0x00007ff85bd56c9d:   44 00 00 44 3b f1 0f 83 74 01 00 00 49 8b 5f 10
0x00007ff85bd56cad:   41 8b c6 41 ff c6 48 8b 1c c3 8b 43 28 41 3b 41
0x00007ff85bd56cbd:   28 73 0d 8b c8 49 8b 41 30 48 83 3c c8 00 75 3c
0x00007ff85bd56ccd:   48 83 7b 10 00 74 35 49 8d b1 b8 09 00 00 8b 6e
0x00007ff85bd56cdd:   18 8d 45 01 89 46 18 3b 6e 08 72 0f 8b d5 48 8b
0x00007ff85bd56ced:   ce e8 cd 56 0c 00 4c 8b 4c 24 70 48 8b 46 10 8b
0x00007ff85bd56cfd:   8c 24 80 00 00 00 48 89 1c e8 eb 97 48 8b 43 08
0x00007ff85bd56d0d:   48 83 38 00 0f 84 89 00 00 00 48 8b 03 48 8b cb
0x00007ff85bd56d1d:   ff 50 10 84 c0 75 0a 8b 43 2c 83 e0 0f 3c 0c 75
0x00007ff85bd56d2d:   6d 8b 4b 28 8b c1 c1 e8 05 41 3b 44 24 10 73 2a
0x00007ff85bd56d3d:   4c 8b 4c 24 70 83 e1 1f 44 8b c0 ba 01 00 00 00
0x00007ff85bd56d4d:   49 8b 44 24 18 d3 e2 8b 8c 24 80 00 00 00 42 8b
0x00007ff85bd56d5d:   04 80 23 c2 0f 85 39 ff ff ff 41 8b 75 18 8d 46
0x00007ff85bd56d6d:   01 41 89 45 18 41 3b 75 08 72 0a 8b d6 49 8b cd
0x00007ff85bd56d7d:   e8 3e 56 0c 00 49 8b 45 10 8b 8c 24 80 00 00 00
0x00007ff85bd56d8d:   4c 8b 4c 24 70 48 89 1c f0 e9 05 ff ff ff 4c 8b
0x00007ff85bd56d9d:   4c 24 70 8b 4b 28 8b c1 c1 e8 05 41 3b 44 24 10
0x00007ff85bd56dad:   72 0e 49 8b 04 24 8b d1 49 8b cc ff 50 18 eb 31
0x00007ff85bd56dbd:   83 e1 1f 41 b8 01 00 00 00 41 d3 e0 8b c8 49 8b
0x00007ff85bd56dcd:   44 24 18 48 8d 14 88 8b 0c 88 8b c1 41 0b c8 89
0x00007ff85bd56ddd:   0a 8b 8c 24 80 00 00 00 41 23 c0 0f 85 b2 fe ff
0x00007ff85bd56ded:   ff 48 83 07 10 48 8b 07 48 3b 47 08 72 08 48 8b
0x00007ff85bd56dfd:   cf e8 9d 56 0c 00 48 8b 07 4c 8b 4c 24 70 4c 89
0x00007ff85bd56e0d:   38 4c 8b fb 44 89 70 08 8b 4b 20 e9 74 fe ff ff 


Stack slot to memory mapping:
stack at sp + 0 slots: 0x0000028f73ad0968 points into unknown readable memory: 0x00007ff85c033de0 | e0 3d 03 5c f8 7f 00 00
stack at sp + 1 slots: 0x0000009cc6afb760 is pointing into the stack for thread: 0x0000028f6f3fe000
stack at sp + 2 slots: 0x0000000000000ec4 is an unknown value
stack at sp + 3 slots: 0x0000009cc6afb6a8 is pointing into the stack for thread: 0x0000028f6f3fe000
stack at sp + 4 slots: 0x0000009cc6afc5e8 is pointing into the stack for thread: 0x0000028f6f3fe000
stack at sp + 5 slots: 0x00007ff85be1c470 jvm.dll
stack at sp + 6 slots: 0x0000028f6ea81860 points into unknown readable memory: 0x6e6f697400000006 | 06 00 00 00 74 69 6f 6e
stack at sp + 7 slots: 0x0000000000000003 is an unknown value


---------------  P R O C E S S  ---------------

Threads class SMR info:
_java_thread_list=0x0000028f734bf850, length=49, elements={
0x0000028f546fb800, 0x0000028f6ea6a800, 0x0000028f6ea6c000, 0x0000028f6f3f6000,
0x0000028f6f3f7000, 0x0000028f6f3f9000, 0x0000028f6f3fe000, 0x0000028f6f3ff800,
0x0000028f6f43b800, 0x0000028f6f54e800, 0x0000028f70e07000, 0x0000028f6f640000,
0x0000028f71998000, 0x0000028f6f6d1800, 0x0000028f6f6d4000, 0x0000028f6f6d2800,
0x0000028f6f6d3000, 0x0000028f6f6d5000, 0x0000028f6f6cf000, 0x0000028f6f6d0000,
0x0000028f72074800, 0x0000028f72076800, 0x0000028f72079000, 0x0000028f72075000,
0x0000028f72082000, 0x0000028f7207a000, 0x0000028f7207c800, 0x0000028f7207d000,
0x0000028f72077800, 0x0000028f72078800, 0x0000028f7207f800, 0x0000028f7207f000,
0x0000028f72080800, 0x0000028f72081800, 0x0000028f72083000, 0x0000028f74df6000,
0x0000028f74df9800, 0x0000028f74df5800, 0x0000028f74df8000, 0x0000028f6f6ce800,
0x0000028f6f6d0800, 0x0000028f71db7800, 0x0000028f71db5000, 0x0000028f71db5800,
0x0000028f71db6800, 0x0000028f71db8000, 0x0000028f71db4000, 0x0000028f71dbc000,
0x0000028f71dbd000
}

Java Threads: ( => current thread )
  0x0000028f546fb800 JavaThread "main" [_thread_blocked, id=7180, stack(0x0000009cc5e00000,0x0000009cc5f00000)]
  0x0000028f6ea6a800 JavaThread "Reference Handler" daemon [_thread_blocked, id=10960, stack(0x0000009cc6500000,0x0000009cc6600000)]
  0x0000028f6ea6c000 JavaThread "Finalizer" daemon [_thread_blocked, id=6836, stack(0x0000009cc6600000,0x0000009cc6700000)]
  0x0000028f6f3f6000 JavaThread "Signal Dispatcher" daemon [_thread_blocked, id=8492, stack(0x0000009cc6700000,0x0000009cc6800000)]
  0x0000028f6f3f7000 JavaThread "Attach Listener" daemon [_thread_blocked, id=9504, stack(0x0000009cc6800000,0x0000009cc6900000)]
  0x0000028f6f3f9000 JavaThread "Service Thread" daemon [_thread_blocked, id=11104, stack(0x0000009cc6900000,0x0000009cc6a00000)]
=>0x0000028f6f3fe000 JavaThread "C2 CompilerThread0" daemon [_thread_in_native, id=10056, stack(0x0000009cc6a00000,0x0000009cc6b00000)]
  0x0000028f6f3ff800 JavaThread "C1 CompilerThread0" daemon [_thread_blocked, id=5128, stack(0x0000009cc6b00000,0x0000009cc6c00000)]
  0x0000028f6f43b800 JavaThread "Sweeper thread" daemon [_thread_blocked, id=10064, stack(0x0000009cc6c00000,0x0000009cc6d00000)]
  0x0000028f6f54e800 JavaThread "Common-Cleaner" daemon [_thread_blocked, id=11260, stack(0x0000009cc6d00000,0x0000009cc6e00000)]
  0x0000028f70e07000 JavaThread "Daemon health stats" [_thread_blocked, id=11068, stack(0x0000009cc7200000,0x0000009cc7300000)]
  0x0000028f6f640000 JavaThread "Incoming local TCP Connector on port 56068" [_thread_in_native, id=10328, stack(0x0000009cc6f00000,0x0000009cc7000000)]
  0x0000028f71998000 JavaThread "Daemon periodic checks" [_thread_blocked, id=8068, stack(0x0000009cc7300000,0x0000009cc7400000)]
  0x0000028f6f6d1800 JavaThread "Cache worker for file hash cache (C:\Users\Sarfo\.gradle\caches\7.0.2\fileHashes)" [_thread_blocked, id=600, stack(0x0000009cc7b00000,0x0000009cc7c00000)]
  0x0000028f6f6d4000 JavaThread "File lock request listener" [_thread_in_native, id=460, stack(0x0000009cc7c00000,0x0000009cc7d00000)]
  0x0000028f6f6d2800 JavaThread "Cache worker for journal cache (C:\Users\Sarfo\.gradle\caches\journal-1)" [_thread_blocked, id=4908, stack(0x0000009cc7e00000,0x0000009cc7f00000)]
  0x0000028f6f6d3000 JavaThread "File watcher server" daemon [_thread_in_native, id=1884, stack(0x0000009cc8100000,0x0000009cc8200000)]
  0x0000028f6f6d5000 JavaThread "File watcher consumer" daemon [_thread_in_vm, id=3252, stack(0x0000009cc8200000,0x0000009cc8300000)]
  0x0000028f6f6cf000 JavaThread "jar transforms" [_thread_blocked, id=4148, stack(0x0000009cc8300000,0x0000009cc8400000)]
  0x0000028f6f6d0000 JavaThread "jar transforms Thread 2" [_thread_blocked, id=7988, stack(0x0000009cc8400000,0x0000009cc8500000)]
  0x0000028f72074800 JavaThread "jar transforms Thread 3" [_thread_blocked, id=7780, stack(0x0000009cc8500000,0x0000009cc8600000)]
  0x0000028f72076800 JavaThread "jar transforms Thread 4" [_thread_blocked, id=11028, stack(0x0000009cc8600000,0x0000009cc8700000)]
  0x0000028f72079000 JavaThread "Cache worker for execution history cache (C:\Users\Sarfo\.gradle\caches\7.0.2\executionHistory)" [_thread_blocked, id=10640, stack(0x0000009cc8a00000,0x0000009cc8b00000)]
  0x0000028f72075000 JavaThread "Cache worker for file content cache (C:\Users\Sarfo\.gradle\caches\7.0.2\fileContent)" [_thread_blocked, id=9916, stack(0x0000009cc8b00000,0x0000009cc8c00000)]
  0x0000028f72082000 JavaThread "Memory manager" [_thread_blocked, id=9196, stack(0x0000009cc9200000,0x0000009cc9300000)]
  0x0000028f7207a000 JavaThread "Daemon Thread 3" [_thread_blocked, id=11120, stack(0x0000009cc5b00000,0x0000009cc5c00000)]
  0x0000028f7207c800 JavaThread "Handler for socket connection from /127.0.0.1:56068 to /127.0.0.1:56295" [_thread_in_native, id=7832, stack(0x0000009cc5c00000,0x0000009cc5d00000)]
  0x0000028f7207d000 JavaThread "Cancel handler" [_thread_blocked, id=8288, stack(0x0000009cc5d00000,0x0000009cc5e00000)]
  0x0000028f72077800 JavaThread "Daemon worker Thread 3" [_thread_blocked, id=7224, stack(0x0000009cc7400000,0x0000009cc7500000)]
  0x0000028f72078800 JavaThread "Asynchronous log dispatcher for DefaultDaemonConnection: socket connection from /127.0.0.1:56068 to /127.0.0.1:56295" [_thread_blocked, id=3224, stack(0x0000009cc7500000,0x0000009cc7600000)]
  0x0000028f7207f800 JavaThread "Stdin handler" [_thread_blocked, id=5060, stack(0x0000009cc7600000,0x0000009cc7700000)]
  0x0000028f7207f000 JavaThread "Daemon client event forwarder" [_thread_blocked, id=10828, stack(0x0000009cc7700000,0x0000009cc7800000)]
  0x0000028f72080800 JavaThread "Cache worker for file hash cache (C:\Users\Sarfo\AndroidStudioProjects\CristianoRonaldo\.gradle\7.0.2\fileHashes)" [_thread_in_native, id=9512, stack(0x0000009cc7800000,0x0000009cc7900000)]
  0x0000028f72081800 JavaThread "Cache worker for checksums cache (C:\Users\Sarfo\AndroidStudioProjects\CristianoRonaldo\.gradle\checksums)" [_thread_blocked, id=5264, stack(0x0000009cc7900000,0x0000009cc7a00000)]
  0x0000028f72083000 JavaThread "Cache worker for cache directory md-supplier (C:\Users\Sarfo\.gradle\caches\7.0.2\md-supplier)" [_thread_blocked, id=1012, stack(0x0000009cc7a00000,0x0000009cc7b00000)]
  0x0000028f74df6000 JavaThread "Cache worker for cache directory md-rule (C:\Users\Sarfo\.gradle\caches\7.0.2\md-rule)" [_thread_blocked, id=9744, stack(0x0000009cc7f00000,0x0000009cc8000000)]
  0x0000028f74df9800 JavaThread "Cache worker for dependencies-accessors (C:\Users\Sarfo\AndroidStudioProjects\CristianoRonaldo\.gradle\7.0.2\dependencies-accessors)" [_thread_blocked, id=7776, stack(0x0000009cc8000000,0x0000009cc8100000)]
  0x0000028f74df5800 JavaThread "Cache worker for Build Output Cleanup Cache (C:\Users\Sarfo\AndroidStudioProjects\CristianoRonaldo\.gradle\buildOutputCleanup)" [_thread_blocked, id=9960, stack(0x0000009cc8700000,0x0000009cc8800000)]
  0x0000028f74df8000 JavaThread "Build operations" [_thread_blocked, id=2820, stack(0x0000009cc8c00000,0x0000009cc8d00000)]
  0x0000028f6f6ce800 JavaThread "Build operations Thread 2" [_thread_blocked, id=9644, stack(0x0000009cc8d00000,0x0000009cc8e00000)]
  0x0000028f6f6d0800 JavaThread "Build operations Thread 3" [_thread_blocked, id=10768, stack(0x0000009cc8e00000,0x0000009cc8f00000)]
  0x0000028f71db7800 JavaThread "Build operations Thread 4" [_thread_blocked, id=11076, stack(0x0000009cc8f00000,0x0000009cc9000000)]
  0x0000028f71db5000 JavaThread "build event listener" [_thread_blocked, id=5648, stack(0x0000009cc9000000,0x0000009cc9100000)]
  0x0000028f71db5800 JavaThread "Execution worker for ':'" [_thread_blocked, id=11064, stack(0x0000009cc9100000,0x0000009cc9200000)]
  0x0000028f71db6800 JavaThread "Execution worker for ':' Thread 2" [_thread_in_vm, id=5184, stack(0x0000009cc9300000,0x0000009cc9400000)]
  0x0000028f71db8000 JavaThread "Execution worker for ':' Thread 3" [_thread_blocked, id=2392, stack(0x0000009cc9400000,0x0000009cc9500000)]
  0x0000028f71db4000 JavaThread "Cache worker for execution history cache (C:\Users\Sarfo\AndroidStudioProjects\CristianoRonaldo\.gradle\7.0.2\executionHistory)" [_thread_blocked, id=3364, stack(0x0000009cc9500000,0x0000009cc9600000)]
  0x0000028f71dbc000 JavaThread "C2 CompilerThread1" daemon [_thread_in_native, id=9672, stack(0x0000009cc8900000,0x0000009cc8a00000)]
  0x0000028f71dbd000 JavaThread "WorkerExecutor Queue" [_thread_blocked, id=11248, stack(0x0000009cc9600000,0x0000009cc9700000)]

Other Threads:
  0x0000028f6ea63800 VMThread "VM Thread" [stack: 0x0000009cc6400000,0x0000009cc6500000] [id=10996]
  0x0000028f6f57c000 WatcherThread [stack: 0x0000009cc6e00000,0x0000009cc6f00000] [id=9684]
  0x0000028f54715000 GCTaskThread "GC Thread#0" [stack: 0x0000009cc5f00000,0x0000009cc6000000] [id=4012]
  0x0000028f6fff7800 GCTaskThread "GC Thread#1" [stack: 0x0000009cc7000000,0x0000009cc7100000] [id=8700]
  0x0000028f6f9bf800 GCTaskThread "GC Thread#2" [stack: 0x0000009cc7100000,0x0000009cc7200000] [id=4348]
  0x0000028f7198f000 GCTaskThread "GC Thread#3" [stack: 0x0000009cc7d00000,0x0000009cc7e00000] [id=7896]
  0x0000028f54745000 ConcurrentGCThread "G1 Main Marker" [stack: 0x0000009cc6000000,0x0000009cc6100000] [id=1900]
  0x0000028f54747000 ConcurrentGCThread "G1 Conc#0" [stack: 0x0000009cc6100000,0x0000009cc6200000] [id=3444]
  0x0000028f6e8b4800 ConcurrentGCThread "G1 Refine#0" [stack: 0x0000009cc6200000,0x0000009cc6300000] [id=1616]
  0x0000028f547de000 ConcurrentGCThread "G1 Young RemSet Sampling" [stack: 0x0000009cc6300000,0x0000009cc6400000] [id=1280]

Threads with active compile tasks:
C2 CompilerThread0 324639 17906       4       org.gradle.api.internal.artifacts.transform.TransformingAsyncArtifactListener$TransformedArtifact::startFinalization (15 bytes)
C2 CompilerThread1 324639 17907   !   4       org.gradle.api.internal.artifacts.transform.TransformingAsyncArtifactListener$TransformedArtifact::prepareInvocation (164 bytes)

VM state:not at safepoint (normal execution)

VM Mutex/Monitor currently owned by a thread: None

Heap address: 0x0000000080000000, size: 2048 MB, Compressed Oops mode: 32-bit
Narrow klass base: 0x0000000000000000, Narrow klass shift: 3
Compressed class space size: 1073741824 Address: 0x0000000100000000

Heap:
 garbage-first heap   total 196608K, used 140540K [0x0000000080000000, 0x0000000100000000)
  region size 1024K, 4 young (4096K), 3 survivors (3072K)
 Metaspace       used 121575K, capacity 125523K, committed 125696K, reserved 1159168K
  class space    used 15440K, capacity 16784K, committed 16896K, reserved 1048576K
Heap Regions: E=young(eden), S=young(survivor), O=old, HS=humongous(starts), HC=humongous(continues), CS=collection set, F=free, A=archive, TAMS=top-at-mark-start (previous, next)
|   0|0x0000000080000000, 0x0000000080100000, 0x0000000080100000|100%| O|  |TAMS 0x0000000080100000, 0x0000000080000000| Updating 
|   1|0x0000000080100000, 0x0000000080200000, 0x0000000080200000|100%| O|  |TAMS 0x0000000080200000, 0x0000000080100000| Updating 
|   2|0x0000000080200000, 0x0000000080300000, 0x0000000080300000|100%| O|  |TAMS 0x0000000080300000, 0x0000000080200000| Updating 
|   3|0x0000000080300000, 0x0000000080400000, 0x0000000080400000|100%|HS|  |TAMS 0x0000000080400000, 0x0000000080300000| Complete 
|   4|0x0000000080400000, 0x0000000080500000, 0x0000000080500000|100%|HC|  |TAMS 0x0000000080500000, 0x0000000080400000| Complete 
|   5|0x0000000080500000, 0x0000000080600000, 0x0000000080600000|100%|HC|  |TAMS 0x0000000080600000, 0x0000000080500000| Complete 
|   6|0x0000000080600000, 0x0000000080700000, 0x0000000080700000|100%| O|  |TAMS 0x0000000080700000, 0x0000000080600000| Updating 
|   7|0x0000000080700000, 0x0000000080800000, 0x0000000080800000|100%| O|  |TAMS 0x0000000080800000, 0x0000000080700000| Updating 
|   8|0x0000000080800000, 0x0000000080900000, 0x0000000080900000|100%| O|  |TAMS 0x0000000080900000, 0x0000000080800000| Updating 
|   9|0x0000000080900000, 0x0000000080a00000, 0x0000000080a00000|100%|HS|  |TAMS 0x0000000080a00000, 0x0000000080900000| Complete 
|  10|0x0000000080a00000, 0x0000000080b00000, 0x0000000080b00000|100%|HC|  |TAMS 0x0000000080b00000, 0x0000000080a00000| Complete 
|  11|0x0000000080b00000, 0x0000000080c00000, 0x0000000080c00000|100%|HS|  |TAMS 0x0000000080c00000, 0x0000000080b00000| Complete 
|  12|0x0000000080c00000, 0x0000000080d00000, 0x0000000080d00000|100%|HC|  |TAMS 0x0000000080d00000, 0x0000000080c00000| Complete 
|  13|0x0000000080d00000, 0x0000000080e00000, 0x0000000080e00000|100%|HC|  |TAMS 0x0000000080e00000, 0x0000000080d00000| Complete 
|  14|0x0000000080e00000, 0x0000000080f00000, 0x0000000080f00000|100%|HS|  |TAMS 0x0000000080f00000, 0x0000000080e00000| Complete 
|  15|0x0000000080f00000, 0x0000000081000000, 0x0000000081000000|100%|HC|  |TAMS 0x0000000081000000, 0x0000000080f00000| Complete 
|  16|0x0000000081000000, 0x0000000081100000, 0x0000000081100000|100%|HC|  |TAMS 0x0000000081100000, 0x0000000081000000| Complete 
|  17|0x0000000081100000, 0x0000000081200000, 0x0000000081200000|100%|HC|  |TAMS 0x0000000081200000, 0x0000000081100000| Complete 
|  18|0x0000000081200000, 0x0000000081300000, 0x0000000081300000|100%|HC|  |TAMS 0x0000000081300000, 0x0000000081200000| Complete 
|  19|0x0000000081300000, 0x0000000081400000, 0x0000000081400000|100%| O|  |TAMS 0x0000000081400000, 0x0000000081300000| Updating 
|  20|0x0000000081400000, 0x0000000081500000, 0x0000000081500000|100%| O|  |TAMS 0x0000000081500000, 0x0000000081400000| Updating 
|  21|0x0000000081500000, 0x0000000081600000, 0x0000000081600000|100%| O|  |TAMS 0x0000000081600000, 0x0000000081500000| Updating 
|  22|0x0000000081600000, 0x0000000081700000, 0x0000000081700000|100%| O|  |TAMS 0x0000000081700000, 0x0000000081600000| Updating 
|  23|0x0000000081700000, 0x0000000081800000, 0x0000000081800000|100%| O|  |TAMS 0x0000000081800000, 0x0000000081700000| Updating 
|  24|0x0000000081800000, 0x0000000081900000, 0x0000000081900000|100%| O|  |TAMS 0x0000000081900000, 0x0000000081800000| Updating 
|  25|0x0000000081900000, 0x0000000081a00000, 0x0000000081a00000|100%| O|  |TAMS 0x0000000081a00000, 0x0000000081900000| Updating 
|  26|0x0000000081a00000, 0x0000000081b00000, 0x0000000081b00000|100%| O|  |TAMS 0x0000000081b00000, 0x0000000081a00000| Updating 
|  27|0x0000000081b00000, 0x0000000081c00000, 0x0000000081c00000|100%|HS|  |TAMS 0x0000000081c00000, 0x0000000081b00000| Complete 
|  28|0x0000000081c00000, 0x0000000081d00000, 0x0000000081d00000|100%|HC|  |TAMS 0x0000000081d00000, 0x0000000081c00000| Complete 
|  29|0x0000000081d00000, 0x0000000081e00000, 0x0000000081e00000|100%|HC|  |TAMS 0x0000000081e00000, 0x0000000081d00000| Complete 
|  30|0x0000000081e00000, 0x0000000081f00000, 0x0000000081f00000|100%| O|  |TAMS 0x0000000081f00000, 0x0000000081e00000| Updating 
|  31|0x0000000081f00000, 0x0000000082000000, 0x0000000082000000|100%| O|  |TAMS 0x0000000082000000, 0x0000000081f00000| Updating 
|  32|0x0000000082000000, 0x0000000082100000, 0x0000000082100000|100%| O|  |TAMS 0x0000000082100000, 0x0000000082000000| Updating 
|  33|0x0000000082100000, 0x0000000082200000, 0x0000000082200000|100%| O|  |TAMS 0x0000000082200000, 0x0000000082100000| Updating 
|  34|0x0000000082200000, 0x0000000082300000, 0x0000000082300000|100%| O|  |TAMS 0x0000000082300000, 0x0000000082200000| Updating 
|  35|0x0000000082300000, 0x0000000082400000, 0x0000000082400000|100%|HS|  |TAMS 0x0000000082400000, 0x0000000082300000| Complete 
|  36|0x0000000082400000, 0x0000000082500000, 0x0000000082500000|100%|HC|  |TAMS 0x0000000082500000, 0x0000000082400000| Complete 
|  37|0x0000000082500000, 0x0000000082600000, 0x0000000082600000|100%|HC|  |TAMS 0x0000000082600000, 0x0000000082500000| Complete 
|  38|0x0000000082600000, 0x0000000082700000, 0x0000000082700000|100%|HC|  |TAMS 0x0000000082700000, 0x0000000082600000| Complete 
|  39|0x0000000082700000, 0x0000000082800000, 0x0000000082800000|100%|HC|  |TAMS 0x0000000082800000, 0x0000000082700000| Complete 
|  40|0x0000000082800000, 0x0000000082900000, 0x0000000082900000|100%| O|  |TAMS 0x0000000082900000, 0x0000000082800000| Updating 
|  41|0x0000000082900000, 0x0000000082a00000, 0x0000000082a00000|100%| O|  |TAMS 0x0000000082a00000, 0x0000000082900000| Updating 
|  42|0x0000000082a00000, 0x0000000082b00000, 0x0000000082b00000|100%| O|  |TAMS 0x0000000082b00000, 0x0000000082a00000| Updating 
|  43|0x0000000082b00000, 0x0000000082c00000, 0x0000000082c00000|100%| O|  |TAMS 0x0000000082c00000, 0x0000000082b00000| Updating 
|  44|0x0000000082c00000, 0x0000000082d00000, 0x0000000082d00000|100%| O|  |TAMS 0x0000000082d00000, 0x0000000082c00000| Updating 
|  45|0x0000000082d00000, 0x0000000082e00000, 0x0000000082e00000|100%| O|  |TAMS 0x0000000082e00000, 0x0000000082d00000| Updating 
|  46|0x0000000082e00000, 0x0000000082f00000, 0x0000000082f00000|100%| O|  |TAMS 0x0000000082f00000, 0x0000000082e00000| Updating 
|  47|0x0000000082f00000, 0x0000000083000000, 0x0000000083000000|100%| O|  |TAMS 0x0000000083000000, 0x0000000082f00000| Updating 
|  48|0x0000000083000000, 0x0000000083100000, 0x0000000083100000|100%| O|  |TAMS 0x0000000083100000, 0x0000000083000000| Updating 
|  49|0x0000000083100000, 0x0000000083200000, 0x0000000083200000|100%| O|  |TAMS 0x0000000083200000, 0x0000000083100000| Updating 
|  50|0x0000000083200000, 0x0000000083300000, 0x0000000083300000|100%| O|  |TAMS 0x0000000083300000, 0x0000000083200000| Updating 
|  51|0x0000000083300000, 0x0000000083400000, 0x0000000083400000|100%| O|  |TAMS 0x0000000083400000, 0x0000000083300000| Updating 
|  52|0x0000000083400000, 0x0000000083500000, 0x0000000083500000|100%| O|  |TAMS 0x0000000083500000, 0x0000000083400000| Updating 
|  53|0x0000000083500000, 0x0000000083600000, 0x0000000083600000|100%| O|  |TAMS 0x0000000083600000, 0x0000000083500000| Updating 
|  54|0x0000000083600000, 0x0000000083600000, 0x0000000083700000|  0%| F|  |TAMS 0x0000000083600000, 0x0000000083600000| Untracked 
|  55|0x0000000083700000, 0x0000000083800000, 0x0000000083800000|100%|HS|  |TAMS 0x0000000083800000, 0x0000000083700000| Complete 
|  56|0x0000000083800000, 0x0000000083900000, 0x0000000083900000|100%|HS|  |TAMS 0x0000000083900000, 0x0000000083800000| Complete 
|  57|0x0000000083900000, 0x0000000083a00000, 0x0000000083a00000|100%|HS|  |TAMS 0x0000000083a00000, 0x0000000083900000| Complete 
|  58|0x0000000083a00000, 0x0000000083b00000, 0x0000000083b00000|100%|HS|  |TAMS 0x0000000083b00000, 0x0000000083a00000| Complete 
|  59|0x0000000083b00000, 0x0000000083c00000, 0x0000000083c00000|100%|HC|  |TAMS 0x0000000083c00000, 0x0000000083b00000| Complete 
|  60|0x0000000083c00000, 0x0000000083d00000, 0x0000000083d00000|100%|HC|  |TAMS 0x0000000083d00000, 0x0000000083c00000| Complete 
|  61|0x0000000083d00000, 0x0000000083e00000, 0x0000000083e00000|100%|HS|  |TAMS 0x0000000083e00000, 0x0000000083d00000| Complete 
|  62|0x0000000083e00000, 0x0000000083f00000, 0x0000000083f00000|100%|HC|  |TAMS 0x0000000083f00000, 0x0000000083e00000| Complete 
|  63|0x0000000083f00000, 0x0000000084000000, 0x0000000084000000|100%| O|  |TAMS 0x0000000084000000, 0x0000000083f00000| Updating 
|  64|0x0000000084000000, 0x0000000084000000, 0x0000000084100000|  0%| F|  |TAMS 0x0000000084000000, 0x0000000084000000| Untracked 
|  65|0x0000000084100000, 0x0000000084100000, 0x0000000084200000|  0%| F|  |TAMS 0x0000000084100000, 0x0000000084100000| Untracked 
|  66|0x0000000084200000, 0x0000000084300000, 0x0000000084300000|100%| O|  |TAMS 0x0000000084300000, 0x0000000084200000| Updating 
|  67|0x0000000084300000, 0x0000000084300000, 0x0000000084400000|  0%| F|  |TAMS 0x0000000084300000, 0x0000000084300000| Untracked 
|  68|0x0000000084400000, 0x0000000084500000, 0x0000000084500000|100%| O|  |TAMS 0x0000000084500000, 0x0000000084400000| Updating 
|  69|0x0000000084500000, 0x0000000084600000, 0x0000000084600000|100%| O|  |TAMS 0x0000000084600000, 0x0000000084500000| Updating 
|  70|0x0000000084600000, 0x0000000084700000, 0x0000000084700000|100%| O|  |TAMS 0x0000000084700000, 0x0000000084600000| Updating 
|  71|0x0000000084700000, 0x0000000084800000, 0x0000000084800000|100%| O|  |TAMS 0x0000000084800000, 0x0000000084700000| Updating 
|  72|0x0000000084800000, 0x0000000084900000, 0x0000000084900000|100%| O|  |TAMS 0x0000000084900000, 0x0000000084800000| Updating 
|  73|0x0000000084900000, 0x0000000084a00000, 0x0000000084a00000|100%| O|  |TAMS 0x0000000084a00000, 0x0000000084900000| Updating 
|  74|0x0000000084a00000, 0x0000000084b00000, 0x0000000084b00000|100%| O|  |TAMS 0x0000000084b00000, 0x0000000084a00000| Updating 
|  75|0x0000000084b00000, 0x0000000084b00000, 0x0000000084c00000|  0%| F|  |TAMS 0x0000000084b00000, 0x0000000084b00000| Untracked 
|  76|0x0000000084c00000, 0x0000000084d00000, 0x0000000084d00000|100%| O|  |TAMS 0x0000000084d00000, 0x0000000084c00000| Updating 
|  77|0x0000000084d00000, 0x0000000084e00000, 0x0000000084e00000|100%| O|  |TAMS 0x0000000084e00000, 0x0000000084d00000| Updating 
|  78|0x0000000084e00000, 0x0000000084f00000, 0x0000000084f00000|100%| O|  |TAMS 0x0000000084f00000, 0x0000000084e00000| Updating 
|  79|0x0000000084f00000, 0x0000000085000000, 0x0000000085000000|100%| O|  |TAMS 0x0000000085000000, 0x0000000084f00000| Updating 
|  80|0x0000000085000000, 0x0000000085100000, 0x0000000085100000|100%| O|  |TAMS 0x0000000085100000, 0x0000000085000000| Updating 
|  81|0x0000000085100000, 0x0000000085200000, 0x0000000085200000|100%| O|  |TAMS 0x0000000085200000, 0x0000000085100000| Updating 
|  82|0x0000000085200000, 0x0000000085300000, 0x0000000085300000|100%| O|  |TAMS 0x0000000085300000, 0x0000000085200000| Updating 
|  83|0x0000000085300000, 0x0000000085400000, 0x0000000085400000|100%| O|  |TAMS 0x0000000085400000, 0x0000000085300000| Updating 
|  84|0x0000000085400000, 0x0000000085500000, 0x0000000085500000|100%| O|  |TAMS 0x0000000085500000, 0x0000000085400000| Updating 
|  85|0x0000000085500000, 0x0000000085600000, 0x0000000085600000|100%| O|  |TAMS 0x0000000085600000, 0x0000000085500000| Updating 
|  86|0x0000000085600000, 0x0000000085600000, 0x0000000085700000|  0%| F|  |TAMS 0x0000000085600000, 0x0000000085600000| Untracked 
|  87|0x0000000085700000, 0x0000000085800000, 0x0000000085800000|100%| O|  |TAMS 0x0000000085800000, 0x0000000085700000| Updating 
|  88|0x0000000085800000, 0x0000000085900000, 0x0000000085900000|100%| O|  |TAMS 0x0000000085900000, 0x0000000085800000| Updating 
|  89|0x0000000085900000, 0x0000000085a00000, 0x0000000085a00000|100%| O|  |TAMS 0x0000000085a00000, 0x0000000085900000| Updating 
|  90|0x0000000085a00000, 0x0000000085b00000, 0x0000000085b00000|100%| O|  |TAMS 0x0000000085b00000, 0x0000000085a00000| Updating 
|  91|0x0000000085b00000, 0x0000000085c00000, 0x0000000085c00000|100%| O|  |TAMS 0x0000000085c00000, 0x0000000085b00000| Updating 
|  92|0x0000000085c00000, 0x0000000085d00000, 0x0000000085d00000|100%| O|  |TAMS 0x0000000085d00000, 0x0000000085c00000| Updating 
|  93|0x0000000085d00000, 0x0000000085e00000, 0x0000000085e00000|100%| O|  |TAMS 0x0000000085e00000, 0x0000000085d00000| Updating 
|  94|0x0000000085e00000, 0x0000000085f00000, 0x0000000085f00000|100%| O|  |TAMS 0x0000000085f00000, 0x0000000085e00000| Updating 
|  95|0x0000000085f00000, 0x0000000086000000, 0x0000000086000000|100%| O|  |TAMS 0x0000000086000000, 0x0000000085f00000| Updating 
|  96|0x0000000086000000, 0x0000000086100000, 0x0000000086100000|100%| O|  |TAMS 0x0000000086100000, 0x0000000086000000| Updating 
|  97|0x0000000086100000, 0x0000000086200000, 0x0000000086200000|100%| O|  |TAMS 0x0000000086200000, 0x0000000086100000| Updating 
|  98|0x0000000086200000, 0x0000000086300000, 0x0000000086300000|100%| O|  |TAMS 0x0000000086300000, 0x0000000086200000| Updating 
|  99|0x0000000086300000, 0x0000000086400000, 0x0000000086400000|100%| O|  |TAMS 0x0000000086400000, 0x0000000086300000| Updating 
| 100|0x0000000086400000, 0x0000000086500000, 0x0000000086500000|100%| O|  |TAMS 0x0000000086500000, 0x0000000086400000| Updating 
| 101|0x0000000086500000, 0x0000000086600000, 0x0000000086600000|100%| O|  |TAMS 0x0000000086600000, 0x0000000086500000| Updating 
| 102|0x0000000086600000, 0x0000000086700000, 0x0000000086700000|100%| O|  |TAMS 0x0000000086700000, 0x0000000086600000| Updating 
| 103|0x0000000086700000, 0x0000000086800000, 0x0000000086800000|100%| O|  |TAMS 0x0000000086800000, 0x0000000086700000| Updating 
| 104|0x0000000086800000, 0x0000000086800000, 0x0000000086900000|  0%| F|  |TAMS 0x0000000086800000, 0x0000000086800000| Untracked 
| 105|0x0000000086900000, 0x0000000086a00000, 0x0000000086a00000|100%| O|  |TAMS 0x0000000086a00000, 0x0000000086900000| Updating 
| 106|0x0000000086a00000, 0x0000000086b00000, 0x0000000086b00000|100%| O|  |TAMS 0x0000000086b00000, 0x0000000086a00000| Updating 
| 107|0x0000000086b00000, 0x0000000086c00000, 0x0000000086c00000|100%| O|  |TAMS 0x0000000086c00000, 0x0000000086b00000| Updating 
| 108|0x0000000086c00000, 0x0000000086c00000, 0x0000000086d00000|  0%| F|  |TAMS 0x0000000086c00000, 0x0000000086c00000| Untracked 
| 109|0x0000000086d00000, 0x0000000086e00000, 0x0000000086e00000|100%| O|  |TAMS 0x0000000086e00000, 0x0000000086d00000| Updating 
| 110|0x0000000086e00000, 0x0000000086e00000, 0x0000000086f00000|  0%| F|  |TAMS 0x0000000086e00000, 0x0000000086e00000| Untracked 
| 111|0x0000000086f00000, 0x0000000087000000, 0x0000000087000000|100%| O|  |TAMS 0x0000000087000000, 0x0000000086f00000| Updating 
| 112|0x0000000087000000, 0x0000000087100000, 0x0000000087100000|100%| O|  |TAMS 0x0000000087100000, 0x0000000087000000| Updating 
| 113|0x0000000087100000, 0x0000000087100000, 0x0000000087200000|  0%| F|  |TAMS 0x0000000087100000, 0x0000000087100000| Untracked 
| 114|0x0000000087200000, 0x0000000087300000, 0x0000000087300000|100%| O|  |TAMS 0x0000000087300000, 0x0000000087200000| Updating 
| 115|0x0000000087300000, 0x0000000087400000, 0x0000000087400000|100%| O|  |TAMS 0x0000000087400000, 0x0000000087300000| Updating 
| 116|0x0000000087400000, 0x0000000087500000, 0x0000000087500000|100%| O|  |TAMS 0x0000000087500000, 0x0000000087400000| Updating 
| 117|0x0000000087500000, 0x0000000087600000, 0x0000000087600000|100%| O|  |TAMS 0x0000000087600000, 0x0000000087500000| Updating 
| 118|0x0000000087600000, 0x0000000087700000, 0x0000000087700000|100%| O|  |TAMS 0x0000000087700000, 0x0000000087600000| Updating 
| 119|0x0000000087700000, 0x0000000087800000, 0x0000000087800000|100%| O|  |TAMS 0x0000000087800000, 0x0000000087700000| Updating 
| 120|0x0000000087800000, 0x0000000087900000, 0x0000000087900000|100%| O|  |TAMS 0x0000000087900000, 0x0000000087800000| Updating 
| 121|0x0000000087900000, 0x0000000087a00000, 0x0000000087a00000|100%| O|  |TAMS 0x0000000087a00000, 0x0000000087900000| Updating 
| 122|0x0000000087a00000, 0x0000000087b00000, 0x0000000087b00000|100%| O|  |TAMS 0x0000000087b00000, 0x0000000087a00000| Updating 
| 123|0x0000000087b00000, 0x0000000087c00000, 0x0000000087c00000|100%| O|  |TAMS 0x0000000087c00000, 0x0000000087b00000| Updating 
| 124|0x0000000087c00000, 0x0000000087d00000, 0x0000000087d00000|100%| O|  |TAMS 0x0000000087d00000, 0x0000000087c00000| Updating 
| 125|0x0000000087d00000, 0x0000000087d00000, 0x0000000087e00000|  0%| F|  |TAMS 0x0000000087d00000, 0x0000000087d00000| Untracked 
| 126|0x0000000087e00000, 0x0000000087f00000, 0x0000000087f00000|100%| O|  |TAMS 0x0000000087f00000, 0x0000000087e00000| Updating 
| 127|0x0000000087f00000, 0x0000000087f00000, 0x0000000088000000|  0%| F|  |TAMS 0x0000000087f00000, 0x0000000087f00000| Untracked 
| 128|0x0000000088000000, 0x0000000088000000, 0x0000000088100000|  0%| F|  |TAMS 0x0000000088000000, 0x0000000088000000| Untracked 
| 129|0x0000000088100000, 0x0000000088200000, 0x0000000088200000|100%| O|  |TAMS 0x0000000088200000, 0x0000000088100000| Updating 
| 130|0x0000000088200000, 0x0000000088200000, 0x0000000088300000|  0%| F|  |TAMS 0x0000000088200000, 0x0000000088200000| Untracked 
| 131|0x0000000088300000, 0x0000000088400000, 0x0000000088400000|100%| O|  |TAMS 0x0000000088400000, 0x0000000088300000| Updating 
| 132|0x0000000088400000, 0x0000000088500000, 0x0000000088500000|100%| O|  |TAMS 0x0000000088500000, 0x0000000088400000| Updating 
| 133|0x0000000088500000, 0x0000000088600000, 0x0000000088600000|100%| O|  |TAMS 0x0000000088600000, 0x0000000088500000| Updating 
| 134|0x0000000088600000, 0x0000000088700000, 0x0000000088700000|100%| O|  |TAMS 0x0000000088700000, 0x0000000088600000| Updating 
| 135|0x0000000088700000, 0x0000000088800000, 0x0000000088800000|100%| O|  |TAMS 0x0000000088800000, 0x0000000088700000| Updating 
| 136|0x0000000088800000, 0x0000000088900000, 0x0000000088900000|100%| O|  |TAMS 0x0000000088900000, 0x0000000088800000| Updating 
| 137|0x0000000088900000, 0x0000000088a00000, 0x0000000088a00000|100%| O|  |TAMS 0x0000000088a00000, 0x0000000088900000| Updating 
| 138|0x0000000088a00000, 0x0000000088a00000, 0x0000000088b00000|  0%| F|  |TAMS 0x0000000088a00000, 0x0000000088a00000| Untracked 
| 139|0x0000000088b00000, 0x0000000088c00000, 0x0000000088c00000|100%| O|  |TAMS 0x0000000088c00000, 0x0000000088b00000| Updating 
| 140|0x0000000088c00000, 0x0000000088d00000, 0x0000000088d00000|100%| O|  |TAMS 0x0000000088d00000, 0x0000000088c00000| Updating 
| 141|0x0000000088d00000, 0x0000000088d00000, 0x0000000088e00000|  0%| F|  |TAMS 0x0000000088d00000, 0x0000000088d00000| Untracked 
| 142|0x0000000088e00000, 0x0000000088f00000, 0x0000000088f00000|100%| O|  |TAMS 0x0000000088f00000, 0x0000000088e00000| Updating 
| 143|0x0000000088f00000, 0x0000000089000000, 0x0000000089000000|100%| O|  |TAMS 0x0000000089000000, 0x0000000088f00000| Updating 
| 144|0x0000000089000000, 0x0000000089100000, 0x0000000089100000|100%| O|  |TAMS 0x0000000089100000, 0x0000000089000000| Updating 
| 145|0x0000000089100000, 0x0000000089200000, 0x0000000089200000|100%| O|  |TAMS 0x0000000089200000, 0x0000000089100000| Updating 
| 146|0x0000000089200000, 0x0000000089300000, 0x0000000089300000|100%| O|  |TAMS 0x0000000089300000, 0x0000000089200000| Updating 
| 147|0x0000000089300000, 0x0000000089400000, 0x0000000089400000|100%| O|  |TAMS 0x0000000089400000, 0x0000000089300000| Updating 
| 148|0x0000000089400000, 0x0000000089500000, 0x0000000089500000|100%| O|  |TAMS 0x0000000089500000, 0x0000000089400000| Updating 
| 149|0x0000000089500000, 0x0000000089600000, 0x0000000089600000|100%| O|  |TAMS 0x0000000089600000, 0x0000000089500000| Updating 
| 150|0x0000000089600000, 0x000000008965e600, 0x0000000089700000| 36%| O|  |TAMS 0x000000008965e600, 0x0000000089600000| Updating 
| 151|0x0000000089700000, 0x0000000089700000, 0x0000000089800000|  0%| F|  |TAMS 0x0000000089700000, 0x0000000089700000| Untracked 
| 152|0x0000000089800000, 0x0000000089800000, 0x0000000089900000|  0%| F|  |TAMS 0x0000000089800000, 0x0000000089800000| Untracked 
| 153|0x0000000089900000, 0x0000000089900000, 0x0000000089a00000|  0%| F|  |TAMS 0x0000000089900000, 0x0000000089900000| Untracked 
| 154|0x0000000089a00000, 0x0000000089a00000, 0x0000000089b00000|  0%| F|  |TAMS 0x0000000089a00000, 0x0000000089a00000| Untracked 
| 155|0x0000000089b00000, 0x0000000089b00000, 0x0000000089c00000|  0%| F|  |TAMS 0x0000000089b00000, 0x0000000089b00000| Untracked 
| 156|0x0000000089c00000, 0x0000000089c00000, 0x0000000089d00000|  0%| F|  |TAMS 0x0000000089c00000, 0x0000000089c00000| Untracked 
| 157|0x0000000089d00000, 0x0000000089d00000, 0x0000000089e00000|  0%| F|  |TAMS 0x0000000089d00000, 0x0000000089d00000| Untracked 
| 158|0x0000000089e00000, 0x0000000089e00000, 0x0000000089f00000|  0%| F|  |TAMS 0x0000000089e00000, 0x0000000089e00000| Untracked 
| 159|0x0000000089f00000, 0x0000000089f00000, 0x000000008a000000|  0%| F|  |TAMS 0x0000000089f00000, 0x0000000089f00000| Untracked 
| 160|0x000000008a000000, 0x000000008a000000, 0x000000008a100000|  0%| F|  |TAMS 0x000000008a000000, 0x000000008a000000| Untracked 
| 161|0x000000008a100000, 0x000000008a100000, 0x000000008a200000|  0%| F|  |TAMS 0x000000008a100000, 0x000000008a100000| Untracked 
| 162|0x000000008a200000, 0x000000008a200000, 0x000000008a300000|  0%| F|  |TAMS 0x000000008a200000, 0x000000008a200000| Untracked 
| 163|0x000000008a300000, 0x000000008a300000, 0x000000008a400000|  0%| F|  |TAMS 0x000000008a300000, 0x000000008a300000| Untracked 
| 164|0x000000008a400000, 0x000000008a4e0d90, 0x000000008a500000| 87%| S|CS|TAMS 0x000000008a400000, 0x000000008a400000| Complete 
| 165|0x000000008a500000, 0x000000008a600000, 0x000000008a600000|100%| S|CS|TAMS 0x000000008a500000, 0x000000008a500000| Complete 
| 166|0x000000008a600000, 0x000000008a700000, 0x000000008a700000|100%| S|CS|TAMS 0x000000008a600000, 0x000000008a600000| Complete 
| 167|0x000000008a700000, 0x000000008a700000, 0x000000008a800000|  0%| F|  |TAMS 0x000000008a700000, 0x000000008a700000| Untracked 
| 168|0x000000008a800000, 0x000000008a800000, 0x000000008a900000|  0%| F|  |TAMS 0x000000008a800000, 0x000000008a800000| Untracked 
| 169|0x000000008a900000, 0x000000008a900000, 0x000000008aa00000|  0%| F|  |TAMS 0x000000008a900000, 0x000000008a900000| Untracked 
| 170|0x000000008aa00000, 0x000000008aa00000, 0x000000008ab00000|  0%| F|  |TAMS 0x000000008aa00000, 0x000000008aa00000| Untracked 
| 171|0x000000008ab00000, 0x000000008ab00000, 0x000000008ac00000|  0%| F|  |TAMS 0x000000008ab00000, 0x000000008ab00000| Untracked 
| 172|0x000000008ac00000, 0x000000008ac00000, 0x000000008ad00000|  0%| F|  |TAMS 0x000000008ac00000, 0x000000008ac00000| Untracked 
| 173|0x000000008ad00000, 0x000000008ad00000, 0x000000008ae00000|  0%| F|  |TAMS 0x000000008ad00000, 0x000000008ad00000| Untracked 
| 174|0x000000008ae00000, 0x000000008ae00000, 0x000000008af00000|  0%| F|  |TAMS 0x000000008ae00000, 0x000000008ae00000| Untracked 
| 175|0x000000008af00000, 0x000000008af00000, 0x000000008b000000|  0%| F|  |TAMS 0x000000008af00000, 0x000000008af00000| Untracked 
| 176|0x000000008b000000, 0x000000008b000000, 0x000000008b100000|  0%| F|  |TAMS 0x000000008b000000, 0x000000008b000000| Untracked 
| 177|0x000000008b100000, 0x000000008b100000, 0x000000008b200000|  0%| F|  |TAMS 0x000000008b100000, 0x000000008b100000| Untracked 
| 178|0x000000008b200000, 0x000000008b200000, 0x000000008b300000|  0%| F|  |TAMS 0x000000008b200000, 0x000000008b200000| Untracked 
| 179|0x000000008b300000, 0x000000008b300000, 0x000000008b400000|  0%| F|  |TAMS 0x000000008b300000, 0x000000008b300000| Untracked 
| 180|0x000000008b400000, 0x000000008b400000, 0x000000008b500000|  0%| F|  |TAMS 0x000000008b400000, 0x000000008b400000| Untracked 
| 181|0x000000008b500000, 0x000000008b500000, 0x000000008b600000|  0%| F|  |TAMS 0x000000008b500000, 0x000000008b500000| Untracked 
| 182|0x000000008b600000, 0x000000008b600000, 0x000000008b700000|  0%| F|  |TAMS 0x000000008b600000, 0x000000008b600000| Untracked 
| 183|0x000000008b700000, 0x000000008b700000, 0x000000008b800000|  0%| F|  |TAMS 0x000000008b700000, 0x000000008b700000| Untracked 
| 184|0x000000008b800000, 0x000000008b800000, 0x000000008b900000|  0%| F|  |TAMS 0x000000008b800000, 0x000000008b800000| Untracked 
| 185|0x000000008b900000, 0x000000008b900000, 0x000000008ba00000|  0%| F|  |TAMS 0x000000008b900000, 0x000000008b900000| Untracked 
| 186|0x000000008ba00000, 0x000000008ba00000, 0x000000008bb00000|  0%| F|  |TAMS 0x000000008ba00000, 0x000000008ba00000| Untracked 
| 187|0x000000008bb00000, 0x000000008bb00000, 0x000000008bc00000|  0%| F|  |TAMS 0x000000008bb00000, 0x000000008bb00000| Untracked 
| 188|0x000000008bc00000, 0x000000008bc00000, 0x000000008bd00000|  0%| F|  |TAMS 0x000000008bc00000, 0x000000008bc00000| Untracked 
| 189|0x000000008bd00000, 0x000000008bd00000, 0x000000008be00000|  0%| F|  |TAMS 0x000000008bd00000, 0x000000008bd00000| Untracked 
| 190|0x000000008be00000, 0x000000008be00000, 0x000000008bf00000|  0%| F|  |TAMS 0x000000008be00000, 0x000000008be00000| Untracked 
| 191|0x000000008bf00000, 0x000000008bfffc30, 0x000000008c000000| 99%| E|  |TAMS 0x000000008bf00000, 0x000000008bf00000| Complete 

Card table byte_map: [0x0000028f67c10000,0x0000028f68010000] _byte_map_base: 0x0000028f67810000

Marking Bits (Prev, Next): (CMBitMap*) 0x0000028f5473c0e0, (CMBitMap*) 0x0000028f5473c0a8
 Prev Bits: [0x0000028f6a410000, 0x0000028f6c410000)
 Next Bits: [0x0000028f68410000, 0x0000028f6a410000)

Polling page: 0x0000028f52f00000

Metaspace:

Usage:
  Non-class:    106.19 MB capacity,   103.65 MB ( 98%) used,     2.17 MB (  2%) free+waste,   385.19 KB ( <1%) overhead. 
      Class:     16.39 MB capacity,    15.08 MB ( 92%) used,     1.14 MB (  7%) free+waste,   175.25 KB (  1%) overhead. 
       Both:    122.58 MB capacity,   118.73 MB ( 97%) used,     3.31 MB (  3%) free+waste,   560.44 KB ( <1%) overhead. 

Virtual space:
  Non-class space:      108.00 MB reserved,     106.25 MB ( 98%) committed 
      Class space:        1.00 GB reserved,      16.50 MB (  2%) committed 
             Both:        1.11 GB reserved,     122.75 MB ( 11%) committed 

Chunk freelists:
   Non-Class:  61.00 KB
       Class:  16.00 KB
        Both:  77.00 KB

MaxMetaspaceSize: 17179869184.00 GB
CompressedClassSpaceSize: 1.00 GB

CodeHeap 'non-profiled nmethods': size=120064Kb used=12136Kb max_used=12858Kb free=107927Kb
 bounds [0x0000028f5fcb0000, 0x0000028f60940000, 0x0000028f671f0000]
CodeHeap 'profiled nmethods': size=120000Kb used=37847Kb max_used=40159Kb free=82152Kb
 bounds [0x0000028f58780000, 0x0000028f5aec0000, 0x0000028f5fcb0000]
CodeHeap 'non-nmethods': size=5696Kb used=2363Kb max_used=2468Kb free=3332Kb
 bounds [0x0000028f581f0000, 0x0000028f58470000, 0x0000028f58780000]
 total_blobs=17838 nmethods=16850 adapters=898
 compilation: enabled
              stopped_count=0, restarted_count=0
 full_count=0

Compilation events (20 events):
Event: 324.021 Thread 0x0000028f6f3ff800 17910       1       org.gradle.api.internal.tasks.properties.AbstractFilePropertySpec::getPropertyFiles (5 bytes)
Event: 324.021 Thread 0x0000028f6f3ff800 nmethod 17910 0x0000028f5fcc9a90 code [0x0000028f5fcc9c40, 0x0000028f5fcc9cf8]
Event: 324.023 Thread 0x0000028f6f3ff800 17911       3       org.gradle.internal.operations.DefaultBuildOperationListenerManager$ProgressShieldingBuildOperationListener::progress (25 bytes)
Event: 324.023 Thread 0x0000028f6f3ff800 nmethod 17911 0x0000028f58789c90 code [0x0000028f58789e60, 0x0000028f5878a138]
Event: 324.041 Thread 0x0000028f6f3ff800 17912       3       org.gradle.internal.resources.ExclusiveAccessResourceLock::acquireLock (8 bytes)
Event: 324.042 Thread 0x0000028f6f3ff800 nmethod 17912 0x0000028f58784610 code [0x0000028f587847e0, 0x0000028f58784a08]
Event: 324.069 Thread 0x0000028f71dbc000 nmethod 17894 0x0000028f5fcfff90 code [0x0000028f5fd00280, 0x0000028f5fd026c8]
Event: 324.069 Thread 0x0000028f71dbc000 17902       4       org.gradle.tooling.internal.provider.runner.SubtreeFilteringBuildOperationListener::finished (72 bytes)
Event: 324.077 Thread 0x0000028f6f3ff800 17913       3       org.gradle.internal.snapshot.AbstractIncompleteFileSystemNode::anyChildMatches (28 bytes)
Event: 324.077 Thread 0x0000028f6f3ff800 nmethod 17913 0x0000028f5878d690 code [0x0000028f5878d8a0, 0x0000028f5878ddd8]
Event: 324.079 Thread 0x0000028f71dbc000 nmethod 17902 0x0000028f5fcdd610 code [0x0000028f5fcdd840, 0x0000028f5fcdde50]
Event: 324.079 Thread 0x0000028f71dbc000 17901       4       org.gradle.internal.snapshot.PathUtil::lastIndexOfSeparator (34 bytes)
Event: 324.080 Thread 0x0000028f6f3fe000 nmethod 17895 0x0000028f5fd10f90 code [0x0000028f5fd11280, 0x0000028f5fd13648]
Event: 324.080 Thread 0x0000028f6f3fe000 17906       4       org.gradle.api.internal.artifacts.transform.TransformingAsyncArtifactListener$TransformedArtifact::startFinalization (15 bytes)
Event: 324.084 Thread 0x0000028f71dbc000 nmethod 17901 0x0000028f5fcc9610 code [0x0000028f5fcc97c0, 0x0000028f5fcc9908]
Event: 324.084 Thread 0x0000028f71dbc000 17907   !   4       org.gradle.api.internal.artifacts.transform.TransformingAsyncArtifactListener$TransformedArtifact::prepareInvocation (164 bytes)
Event: 324.085 Thread 0x0000028f6f3ff800 17914       3       org.gradle.internal.file.DefaultFileHierarchySet$Node::plus (337 bytes)
Event: 324.090 Thread 0x0000028f6f3ff800 nmethod 17914 0x0000028f587d0510 code [0x0000028f587d0b60, 0x0000028f587d4998]
Event: 324.317 Thread 0x0000028f6f3ff800 17916       2       java.util.stream.IntPipeline$9$1::accept (27 bytes)
Event: 324.317 Thread 0x0000028f6f3ff800 nmethod 17916 0x0000028f5878d210 code [0x0000028f5878d3e0, 0x0000028f5878d558]

GC Heap History (20 events):
Event: 240.439 GC heap before
{Heap before GC invocations=77 (full 0):
 garbage-first heap   total 196608K, used 163041K [0x0000000080000000, 0x0000000100000000)
  region size 1024K, 30 young (30720K), 3 survivors (3072K)
 Metaspace       used 118025K, capacity 121728K, committed 121984K, reserved 1155072K
  class space    used 14967K, capacity 16248K, committed 16256K, reserved 1048576K
}
Event: 240.448 GC heap after
{Heap after GC invocations=78 (full 0):
 garbage-first heap   total 196608K, used 137776K [0x0000000080000000, 0x0000000100000000)
  region size 1024K, 3 young (3072K), 3 survivors (3072K)
 Metaspace       used 118025K, capacity 121728K, committed 121984K, reserved 1155072K
  class space    used 14967K, capacity 16248K, committed 16256K, reserved 1048576K
}
Event: 240.519 GC heap before
{Heap before GC invocations=78 (full 0):
 garbage-first heap   total 196608K, used 139824K [0x0000000080000000, 0x0000000100000000)
  region size 1024K, 6 young (6144K), 3 survivors (3072K)
 Metaspace       used 118030K, capacity 121792K, committed 121984K, reserved 1155072K
  class space    used 14967K, capacity 16248K, committed 16256K, reserved 1048576K
}
Event: 240.529 GC heap after
{Heap after GC invocations=79 (full 0):
 garbage-first heap   total 196608K, used 138153K [0x0000000080000000, 0x0000000100000000)
  region size 1024K, 1 young (1024K), 1 survivors (1024K)
 Metaspace       used 118030K, capacity 121792K, committed 121984K, reserved 1155072K
  class space    used 14967K, capacity 16248K, committed 16256K, reserved 1048576K
}
Event: 305.280 GC heap before
{Heap before GC invocations=80 (full 0):
 garbage-first heap   total 196608K, used 168873K [0x0000000080000000, 0x0000000100000000)
  region size 1024K, 27 young (27648K), 1 survivors (1024K)
 Metaspace       used 118167K, capacity 121886K, committed 122112K, reserved 1155072K
  class space    used 14980K, capacity 16272K, committed 16384K, reserved 1048576K
}
Event: 305.284 GC heap after
{Heap after GC invocations=81 (full 0):
 garbage-first heap   total 196608K, used 139561K [0x0000000080000000, 0x0000000100000000)
  region size 1024K, 2 young (2048K), 2 survivors (2048K)
 Metaspace       used 118167K, capacity 121886K, committed 122112K, reserved 1155072K
  class space    used 14980K, capacity 16272K, committed 16384K, reserved 1048576K
}
Event: 321.043 GC heap before
{Heap before GC invocations=81 (full 0):
 garbage-first heap   total 196608K, used 165161K [0x0000000080000000, 0x0000000100000000)
  region size 1024K, 28 young (28672K), 2 survivors (2048K)
 Metaspace       used 118386K, capacity 122120K, committed 122368K, reserved 1155072K
  class space    used 15006K, capacity 16332K, committed 16384K, reserved 1048576K
}
Event: 321.062 GC heap after
{Heap after GC invocations=82 (full 0):
 garbage-first heap   total 196608K, used 142023K [0x0000000080000000, 0x0000000100000000)
  region size 1024K, 4 young (4096K), 4 survivors (4096K)
 Metaspace       used 118386K, capacity 122120K, committed 122368K, reserved 1155072K
  class space    used 15006K, capacity 16332K, committed 16384K, reserved 1048576K
}
Event: 321.931 GC heap before
{Heap before GC invocations=83 (full 0):
 garbage-first heap   total 196608K, used 172743K [0x0000000080000000, 0x0000000100000000)
  region size 1024K, 29 young (29696K), 4 survivors (4096K)
 Metaspace       used 119087K, capacity 122872K, committed 123008K, reserved 1155072K
  class space    used 15093K, capacity 16410K, committed 16512K, reserved 1048576K
}
Event: 321.946 GC heap after
{Heap after GC invocations=84 (full 0):
 garbage-first heap   total 196608K, used 145703K [0x0000000080000000, 0x0000000100000000)
  region size 1024K, 4 young (4096K), 4 survivors (4096K)
 Metaspace       used 119087K, capacity 122872K, committed 123008K, reserved 1155072K
  class space    used 15093K, capacity 16410K, committed 16512K, reserved 1048576K
}
Event: 322.017 GC heap before
{Heap before GC invocations=84 (full 0):
 garbage-first heap   total 196608K, used 150823K [0x0000000080000000, 0x0000000100000000)
  region size 1024K, 9 young (9216K), 4 survivors (4096K)
 Metaspace       used 119259K, capacity 123023K, committed 123264K, reserved 1157120K
  class space    used 15109K, capacity 16415K, committed 16512K, reserved 1048576K
}
Event: 322.028 GC heap after
{Heap after GC invocations=85 (full 0):
 garbage-first heap   total 196608K, used 145999K [0x0000000080000000, 0x0000000100000000)
  region size 1024K, 1 young (1024K), 1 survivors (1024K)
 Metaspace       used 119259K, capacity 123023K, committed 123264K, reserved 1157120K
  class space    used 15109K, capacity 16415K, committed 16512K, reserved 1048576K
}
Event: 322.724 GC heap before
{Heap before GC invocations=85 (full 0):
 garbage-first heap   total 196608K, used 168527K [0x0000000080000000, 0x0000000100000000)
  region size 1024K, 23 young (23552K), 1 survivors (1024K)
 Metaspace       used 120460K, capacity 124380K, committed 124544K, reserved 1157120K
  class space    used 15313K, capacity 16642K, committed 16768K, reserved 1048576K
}
Event: 322.744 GC heap after
{Heap after GC invocations=86 (full 0):
 garbage-first heap   total 196608K, used 147847K [0x0000000080000000, 0x0000000100000000)
  region size 1024K, 3 young (3072K), 3 survivors (3072K)
 Metaspace       used 120460K, capacity 124380K, committed 124544K, reserved 1157120K
  class space    used 15313K, capacity 16642K, committed 16768K, reserved 1048576K
}
Event: 323.379 GC heap before
{Heap before GC invocations=87 (full 0):
 garbage-first heap   total 196608K, used 169351K [0x0000000080000000, 0x0000000100000000)
  region size 1024K, 24 young (24576K), 3 survivors (3072K)
 Metaspace       used 120462K, capacity 124380K, committed 124544K, reserved 1157120K
  class space    used 15313K, capacity 16642K, committed 16768K, reserved 1048576K
}
Event: 323.390 GC heap after
{Heap after GC invocations=88 (full 0):
 garbage-first heap   total 196608K, used 150022K [0x0000000080000000, 0x0000000100000000)
  region size 1024K, 3 young (3072K), 3 survivors (3072K)
 Metaspace       used 120462K, capacity 124380K, committed 124544K, reserved 1157120K
  class space    used 15313K, capacity 16642K, committed 16768K, reserved 1048576K
}
Event: 323.471 GC heap before
{Heap before GC invocations=88 (full 0):
 garbage-first heap   total 196608K, used 156166K [0x0000000080000000, 0x0000000100000000)
  region size 1024K, 9 young (9216K), 3 survivors (3072K)
 Metaspace       used 120462K, capacity 124380K, committed 124544K, reserved 1157120K
  class space    used 15313K, capacity 16642K, committed 16768K, reserved 1048576K
}
Event: 323.489 GC heap after
{Heap after GC invocations=89 (full 0):
 garbage-first heap   total 196608K, used 138458K [0x0000000080000000, 0x0000000100000000)
  region size 1024K, 1 young (1024K), 1 survivors (1024K)
 Metaspace       used 120462K, capacity 124380K, committed 124544K, reserved 1157120K
  class space    used 15313K, capacity 16642K, committed 16768K, reserved 1048576K
}
Event: 324.106 GC heap before
{Heap before GC invocations=89 (full 0):
 garbage-first heap   total 196608K, used 162010K [0x0000000080000000, 0x0000000100000000)
  region size 1024K, 25 young (25600K), 1 survivors (1024K)
 Metaspace       used 121465K, capacity 125443K, committed 125696K, reserved 1159168K
  class space    used 15424K, capacity 16779K, committed 16896K, reserved 1048576K
}
Event: 324.119 GC heap after
{Heap after GC invocations=90 (full 0):
 garbage-first heap   total 196608K, used 140540K [0x0000000080000000, 0x0000000100000000)
  region size 1024K, 3 young (3072K), 3 survivors (3072K)
 Metaspace       used 121465K, capacity 125443K, committed 125696K, reserved 1159168K
  class space    used 15424K, capacity 16779K, committed 16896K, reserved 1048576K
}

Deoptimization events (20 events):
Event: 324.317 Thread 0x0000028f71db6800 Uncommon trap: trap_request=0xffffffde fr.pc=0x0000028f606d8458 relative=0x0000000000000098
Event: 324.317 Thread 0x0000028f71db6800 Uncommon trap: reason=class_check action=maybe_recompile pc=0x0000028f606d8458 method=java.util.stream.IntPipeline$9$1.accept(I)V @ 8 c2
Event: 324.317 Thread 0x0000028f71db6800 DEOPT PACKING pc=0x0000028f606d8458 sp=0x0000009cc93f9cd0
Event: 324.317 Thread 0x0000028f71db6800 DEOPT UNPACKING pc=0x0000028f5821782f sp=0x0000009cc93f9c58 mode 2
Event: 324.317 Thread 0x0000028f71db6800 Uncommon trap: trap_request=0xffffffde fr.pc=0x0000028f606d8458 relative=0x0000000000000098
Event: 324.317 Thread 0x0000028f71db6800 Uncommon trap: reason=class_check action=maybe_recompile pc=0x0000028f606d8458 method=java.util.stream.IntPipeline$9$1.accept(I)V @ 8 c2
Event: 324.317 Thread 0x0000028f71db6800 DEOPT PACKING pc=0x0000028f606d8458 sp=0x0000009cc93f9cd0
Event: 324.317 Thread 0x0000028f71db6800 DEOPT UNPACKING pc=0x0000028f5821782f sp=0x0000009cc93f9c58 mode 2
Event: 324.317 Thread 0x0000028f71db6800 Uncommon trap: trap_request=0xffffffde fr.pc=0x0000028f606d8458 relative=0x0000000000000098
Event: 324.317 Thread 0x0000028f71db6800 Uncommon trap: reason=class_check action=maybe_recompile pc=0x0000028f606d8458 method=java.util.stream.IntPipeline$9$1.accept(I)V @ 8 c2
Event: 324.317 Thread 0x0000028f71db6800 DEOPT PACKING pc=0x0000028f606d8458 sp=0x0000009cc93f9cd0
Event: 324.317 Thread 0x0000028f71db6800 DEOPT UNPACKING pc=0x0000028f5821782f sp=0x0000009cc93f9c58 mode 2
Event: 324.317 Thread 0x0000028f71db6800 Uncommon trap: trap_request=0xffffffde fr.pc=0x0000028f606d8458 relative=0x0000000000000098
Event: 324.317 Thread 0x0000028f71db6800 Uncommon trap: reason=class_check action=maybe_recompile pc=0x0000028f606d8458 method=java.util.stream.IntPipeline$9$1.accept(I)V @ 8 c2
Event: 324.317 Thread 0x0000028f71db6800 DEOPT PACKING pc=0x0000028f606d8458 sp=0x0000009cc93f9cd0
Event: 324.317 Thread 0x0000028f71db6800 DEOPT UNPACKING pc=0x0000028f5821782f sp=0x0000009cc93f9c58 mode 2
Event: 324.318 Thread 0x0000028f71db6800 Uncommon trap: trap_request=0xffffff4d fr.pc=0x0000028f5fd0776c relative=0x000000000000052c
Event: 324.318 Thread 0x0000028f71db6800 Uncommon trap: reason=unstable_if action=reinterpret pc=0x0000028f5fd0776c method=java.lang.StringLatin1.compareToCI([B[B)I @ 68 c2
Event: 324.318 Thread 0x0000028f71db6800 DEOPT PACKING pc=0x0000028f5fd0776c sp=0x0000009cc93f9f00
Event: 324.318 Thread 0x0000028f71db6800 DEOPT UNPACKING pc=0x0000028f5821782f sp=0x0000009cc93f9be0 mode 2

Classes redefined (0 events):
No events

Internal exceptions (20 events):
Event: 322.035 Thread 0x0000028f72077800 Exception <a 'java/lang/ClassNotFoundException'{0x000000008bfbfae8}: com/google/gms/googleservices/GoogleServicesTask_DecoratedCustomizer> (0x000000008bfbfae8) thrown at [./src/hotspot/share/classfile/systemDictionary.cpp, line 231]
Event: 322.048 Thread 0x0000028f72077800 Exception <a 'java/lang/ClassNotFoundException'{0x000000008bd4b550}: com/android/build/gradle/internal/api/ImmutableFlavorListBeanInfo> (0x000000008bd4b550) thrown at [./src/hotspot/share/classfile/systemDictionary.cpp, line 231]
Event: 322.049 Thread 0x0000028f72077800 Exception <a 'java/lang/ClassNotFoundException'{0x000000008bd66df8}: com/android/build/gradle/internal/api/ImmutableFlavorListCustomizer> (0x000000008bd66df8) thrown at [./src/hotspot/share/classfile/systemDictionary.cpp, line 231]
Event: 322.080 Thread 0x0000028f72077800 Exception <a 'java/lang/ClassNotFoundException'{0x000000008bc4b968}: org/gradle/api/internal/file/collections/DefaultConfigurableFileCollectionBeanInfo> (0x000000008bc4b968) thrown at [./src/hotspot/share/classfile/systemDictionary.cpp, line 231]
Event: 322.080 Thread 0x0000028f72077800 Exception <a 'java/lang/ClassNotFoundException'{0x000000008bc63f00}: org/gradle/api/internal/file/CompositeFileCollectionBeanInfo> (0x000000008bc63f00) thrown at [./src/hotspot/share/classfile/systemDictionary.cpp, line 231]
Event: 322.081 Thread 0x0000028f72077800 Exception <a 'java/lang/ClassNotFoundException'{0x000000008bc7c3d8}: org/gradle/api/internal/file/CompositeFileCollectionCustomizer> (0x000000008bc7c3d8) thrown at [./src/hotspot/share/classfile/systemDictionary.cpp, line 231]
Event: 322.083 Thread 0x0000028f72077800 Exception <a 'java/lang/ClassNotFoundException'{0x000000008bca0420}: org/gradle/api/internal/file/collections/DefaultConfigurableFileCollectionCustomizer> (0x000000008bca0420) thrown at [./src/hotspot/share/classfile/systemDictionary.cpp, line 231]
Event: 322.264 Thread 0x0000028f72077800 Implicit null exception at 0x0000028f606c544f to 0x0000028f606c5588
Event: 322.405 Thread 0x0000028f7207f000 Exception <a 'java/lang/NoSuchMethodError'{0x000000008afac858}: <clinit>> (0x000000008afac858) thrown at [./src/hotspot/share/prims/jni.cpp, line 1362]
Event: 322.406 Thread 0x0000028f7207f000 Exception <a 'java/lang/NoSuchMethodError'{0x000000008afb6308}: <clinit>> (0x000000008afb6308) thrown at [./src/hotspot/share/prims/jni.cpp, line 1362]
Event: 322.486 Thread 0x0000028f71db5000 Exception <a 'java/lang/NoSuchMethodError'{0x000000008ac14760}: <clinit>> (0x000000008ac14760) thrown at [./src/hotspot/share/prims/jni.cpp, line 1362]
Event: 322.494 Thread 0x0000028f71db5000 Exception <a 'java/lang/NoSuchMethodError'{0x000000008ac22640}: <clinit>> (0x000000008ac22640) thrown at [./src/hotspot/share/prims/jni.cpp, line 1362]
Event: 322.497 Thread 0x0000028f71db5000 Exception <a 'java/lang/NoSuchMethodError'{0x000000008ac3bcb8}: <clinit>> (0x000000008ac3bcb8) thrown at [./src/hotspot/share/prims/jni.cpp, line 1362]
Event: 322.513 Thread 0x0000028f7207f000 Exception <a 'java/lang/NoSuchMethodError'{0x000000008ac98410}: <clinit>> (0x000000008ac98410) thrown at [./src/hotspot/share/prims/jni.cpp, line 1362]
Event: 322.514 Thread 0x0000028f7207f000 Exception <a 'java/lang/NoSuchMethodError'{0x000000008aca8c20}: <clinit>> (0x000000008aca8c20) thrown at [./src/hotspot/share/prims/jni.cpp, line 1362]
Event: 322.514 Thread 0x0000028f7207f000 Exception <a 'java/lang/NoSuchMethodError'{0x000000008acaa170}: <clinit>> (0x000000008acaa170) thrown at [./src/hotspot/share/prims/jni.cpp, line 1362]
Event: 322.663 Thread 0x0000028f7207f000 Exception <a 'java/lang/NoSuchMethodError'{0x000000008ab76d88}: <clinit>> (0x000000008ab76d88) thrown at [./src/hotspot/share/prims/jni.cpp, line 1362]
Event: 323.665 Thread 0x0000028f72077800 Exception <a 'java/lang/NoSuchMethodError'{0x000000008b4417f0}: 'void java.lang.invoke.DirectMethodHandle$Holder.invokeStatic(java.lang.Object, java.lang.Object, java.lang.Object, java.lang.Object, java.lang.Object, java.lang.Object, java.lang.Object)'> (0x000000008b4417f0) thrown at [./src/hotspot/share/interpreter/linkResolver.cpp, line 773]
Event: 323.719 Thread 0x0000028f7207f000 Exception <a 'java/lang/NoSuchMethodError'{0x000000008b113688}: <clinit>> (0x000000008b113688) thrown at [./src/hotspot/share/prims/jni.cpp, line 1362]
Event: 324.314 Thread 0x0000028f71db6800 Exception <a 'java/lang/NoSuchMethodError'{0x000000008bf02f38}: 'long java.lang.invoke.DirectMethodHandle$Holder.invokeStatic(java.lang.Object, java.lang.Object)'> (0x000000008bf02f38) thrown at [./src/hotspot/share/interpreter/linkResolver.cpp, line 773]

Events (20 events):
Event: 324.099 loading class org/gradle/internal/snapshot/SnapshotHierarchy done
Event: 324.099 loading class org/gradle/internal/watch/vfs/impl/WatchingVirtualFileSystem$VfsChangeLoggingNodeDiffListener
Event: 324.099 loading class org/gradle/internal/watch/vfs/impl/WatchingVirtualFileSystem$VfsChangeLoggingNodeDiffListener done
Event: 324.106 Executing VM operation: G1CollectForAllocation
Event: 324.119 Executing VM operation: G1CollectForAllocation done
Event: 324.310 loading class java/util/stream/DistinctOps
Event: 324.310 loading class java/util/stream/DistinctOps done
Event: 324.310 loading class java/util/stream/DistinctOps$1
Event: 324.311 loading class java/util/stream/DistinctOps$1 done
Event: 324.311 Executing VM operation: Deoptimize
Event: 324.313 Executing VM operation: Deoptimize done
Event: 324.316 loading class java/util/stream/DistinctOps$1$2
Event: 324.316 loading class java/util/stream/DistinctOps$1$2 done
Event: 324.333 loading class com/google/gson/JsonParser
Event: 324.333 loading class com/google/gson/JsonParser done
Event: 324.333 Executing VM operation: RevokeBias
Event: 324.334 Executing VM operation: RevokeBias done
Event: 324.336 loading class com/google/common/io/Files
Event: 324.336 loading class com/google/common/io/Files done
Event: 324.337 Executing VM operation: BulkRevokeBias


Dynamic libraries:
0x00007ff6d2df0000 - 0x00007ff6d2dfa000 	C:\Program Files\Android\Android Studio\jre\bin\java.exe
0x00007ff883af0000 - 0x00007ff883ce5000 	C:\Windows\SYSTEM32\ntdll.dll
0x00007ff883590000 - 0x00007ff88364e000 	C:\Windows\System32\KERNEL32.DLL
0x00007ff881240000 - 0x00007ff881508000 	C:\Windows\System32\KERNELBASE.dll
0x00007ff881510000 - 0x00007ff881610000 	C:\Windows\System32\ucrtbase.dll
0x00007ff874e40000 - 0x00007ff874e57000 	C:\Program Files\Android\Android Studio\jre\bin\VCRUNTIME140.dll
0x00007ff874cd0000 - 0x00007ff874ce9000 	C:\Program Files\Android\Android Studio\jre\bin\jli.dll
0x00007ff881d90000 - 0x00007ff881f31000 	C:\Windows\System32\USER32.dll
0x00007ff86fe10000 - 0x00007ff8700aa000 	C:\Windows\WinSxS\amd64_microsoft.windows.common-controls_6595b64144ccf1df_6.0.19041.1110_none_60b5254171f9507e\COMCTL32.dll
0x00007ff881770000 - 0x00007ff881792000 	C:\Windows\System32\win32u.dll
0x00007ff883130000 - 0x00007ff8831ce000 	C:\Windows\System32\msvcrt.dll
0x00007ff883650000 - 0x00007ff88367b000 	C:\Windows\System32\GDI32.dll
0x00007ff8818d0000 - 0x00007ff8819db000 	C:\Windows\System32\gdi32full.dll
0x00007ff881830000 - 0x00007ff8818cd000 	C:\Windows\System32\msvcp_win.dll
0x00007ff8831d0000 - 0x00007ff883200000 	C:\Windows\System32\IMM32.DLL
0x00007ff85cc00000 - 0x00007ff85cc9d000 	C:\Program Files\Android\Android Studio\jre\bin\msvcp140.dll
0x00007ff85b850000 - 0x00007ff85c31f000 	C:\Program Files\Android\Android Studio\jre\bin\server\jvm.dll
0x00007ff882c00000 - 0x00007ff882cac000 	C:\Windows\System32\ADVAPI32.dll
0x00007ff881b40000 - 0x00007ff881bdb000 	C:\Windows\System32\sechost.dll
0x00007ff8833b0000 - 0x00007ff8834da000 	C:\Windows\System32\RPCRT4.dll
0x00007ff882760000 - 0x00007ff882768000 	C:\Windows\System32\PSAPI.DLL
0x00007ff873d60000 - 0x00007ff873d69000 	C:\Windows\SYSTEM32\WSOCK32.dll
0x00007ff877110000 - 0x00007ff877137000 	C:\Windows\SYSTEM32\WINMM.dll
0x00007ff8828d0000 - 0x00007ff88293b000 	C:\Windows\System32\WS2_32.dll
0x00007ff877140000 - 0x00007ff87714a000 	C:\Windows\SYSTEM32\VERSION.dll
0x00007ff87f1a0000 - 0x00007ff87f1b2000 	C:\Windows\SYSTEM32\kernel.appcore.dll
0x00007ff86e3e0000 - 0x00007ff86e3f1000 	C:\Program Files\Android\Android Studio\jre\bin\verify.dll
0x00007ff8688c0000 - 0x00007ff868aa4000 	C:\Windows\SYSTEM32\DBGHELP.DLL
0x00007ff868890000 - 0x00007ff8688bc000 	C:\Windows\SYSTEM32\dbgcore.DLL
0x00007ff8817a0000 - 0x00007ff881823000 	C:\Windows\System32\bcryptPrimitives.dll
0x00007ff86e370000 - 0x00007ff86e399000 	C:\Program Files\Android\Android Studio\jre\bin\java.dll
0x00007ff86ec90000 - 0x00007ff86ec9b000 	C:\Program Files\Android\Android Studio\jre\bin\jimage.dll
0x00007ff86e350000 - 0x00007ff86e368000 	C:\Program Files\Android\Android Studio\jre\bin\zip.dll
0x00007ff882020000 - 0x00007ff88275f000 	C:\Windows\System32\SHELL32.dll
0x00007ff87f310000 - 0x00007ff87faa0000 	C:\Windows\SYSTEM32\windows.storage.dll
0x00007ff883680000 - 0x00007ff8839d5000 	C:\Windows\System32\combase.dll
0x00007ff880c60000 - 0x00007ff880c8e000 	C:\Windows\SYSTEM32\Wldp.dll
0x00007ff882820000 - 0x00007ff8828cd000 	C:\Windows\System32\SHCORE.dll
0x00007ff882ba0000 - 0x00007ff882bf5000 	C:\Windows\System32\shlwapi.dll
0x00007ff881150000 - 0x00007ff88116f000 	C:\Windows\SYSTEM32\profapi.dll
0x00007ff86e330000 - 0x00007ff86e34a000 	C:\Program Files\Android\Android Studio\jre\bin\net.dll
0x00007ff875290000 - 0x00007ff87539c000 	C:\Windows\SYSTEM32\WINHTTP.dll
0x00007ff8809c0000 - 0x00007ff880a2a000 	C:\Windows\system32\mswsock.dll
0x00007ff86e310000 - 0x00007ff86e324000 	C:\Program Files\Android\Android Studio\jre\bin\nio.dll
0x00007ff87c600000 - 0x00007ff87c627000 	C:\Users\Sarfo\.gradle\native\8bec1ad78214c89d9ad589b4d07fe93259594b29d510b10fafb7a158f7737e5d\windows-amd64\native-platform.dll
0x00007ff85c330000 - 0x00007ff85c46d000 	C:\Users\Sarfo\.gradle\native\53dbd7edfb1c66fb8903c78663c9afc45aea4f116125fa6feffd364cf09443e8\windows-amd64\native-platform-file-events.dll
0x00007ff86eb20000 - 0x00007ff86eb2a000 	C:\Program Files\Android\Android Studio\jre\bin\management.dll
0x00007ff86ea00000 - 0x00007ff86ea0c000 	C:\Program Files\Android\Android Studio\jre\bin\management_ext.dll
0x00007ff880bb0000 - 0x00007ff880bc8000 	C:\Windows\SYSTEM32\CRYPTSP.dll
0x00007ff8802d0000 - 0x00007ff880304000 	C:\Windows\system32\rsaenh.dll
0x00007ff881210000 - 0x00007ff881237000 	C:\Windows\System32\bcrypt.dll
0x00007ff881110000 - 0x00007ff88113e000 	C:\Windows\SYSTEM32\USERENV.dll
0x00007ff880bd0000 - 0x00007ff880bdc000 	C:\Windows\SYSTEM32\CRYPTBASE.dll
0x00007ff880640000 - 0x00007ff88067b000 	C:\Windows\SYSTEM32\IPHLPAPI.DLL
0x00007ff8839e0000 - 0x00007ff8839e8000 	C:\Windows\System32\NSI.dll
0x00007ff876450000 - 0x00007ff876467000 	C:\Windows\SYSTEM32\dhcpcsvc6.DLL
0x00007ff876430000 - 0x00007ff87644d000 	C:\Windows\SYSTEM32\dhcpcsvc.DLL
0x00007ff880680000 - 0x00007ff88074b000 	C:\Windows\SYSTEM32\DNSAPI.dll
0x00007ff86a080000 - 0x00007ff86a0a7000 	C:\Program Files\Android\Android Studio\jre\bin\sunec.dll
0x00007ff8792c0000 - 0x00007ff8792ca000 	C:\Windows\System32\rasadhlp.dll
0x00007ff875140000 - 0x00007ff8751bf000 	C:\Windows\System32\fwpuclnt.dll

dbghelp: loaded successfully - version: 4.0.5 - missing functions: none
symbol engine: initialized successfully - sym options: 0x614 - pdb path: .;C:\Program Files\Android\Android Studio\jre\bin;C:\Windows\SYSTEM32;C:\Windows\WinSxS\amd64_microsoft.windows.common-controls_6595b64144ccf1df_6.0.19041.1110_none_60b5254171f9507e;C:\Program Files\Android\Android Studio\jre\bin\server;C:\Users\Sarfo\.gradle\native\8bec1ad78214c89d9ad589b4d07fe93259594b29d510b10fafb7a158f7737e5d\windows-amd64;C:\Users\Sarfo\.gradle\native\53dbd7edfb1c66fb8903c78663c9afc45aea4f116125fa6feffd364cf09443e8\windows-amd64

VM Arguments:
jvm_args: --add-opens=java.base/java.util=ALL-UNNAMED --add-opens=java.base/java.lang=ALL-UNNAMED --add-opens=java.base/java.lang.invoke=ALL-UNNAMED --add-opens=java.base/java.util=ALL-UNNAMED --add-opens=java.prefs/java.util.prefs=ALL-UNNAMED --add-opens=java.prefs/java.util.prefs=ALL-UNNAMED --add-opens=java.base/java.nio.charset=ALL-UNNAMED --add-opens=java.base/java.net=ALL-UNNAMED --add-opens=java.base/java.util.concurrent.atomic=ALL-UNNAMED -Xmx2048m -Dfile.encoding=UTF-8 -Duser.country=US -Duser.language=en -Duser.variant 
java_command: org.gradle.launcher.daemon.bootstrap.GradleDaemon 7.0.2
java_class_path (initial): C:\Users\Sarfo\.gradle\wrapper\dists\gradle-7.0.2-bin\857tjihv64xamwrf0h14cai3r\gradle-7.0.2\lib\gradle-launcher-7.0.2.jar
Launcher Type: SUN_STANDARD

[Global flags]
     intx CICompilerCount                          = 3                                         {product} {ergonomic}
     uint ConcGCThreads                            = 1                                         {product} {ergonomic}
     uint G1ConcRefinementThreads                  = 4                                         {product} {ergonomic}
   size_t G1HeapRegionSize                         = 1048576                                   {product} {ergonomic}
    uintx GCDrainStackTargetSize                   = 64                                        {product} {ergonomic}
   size_t InitialHeapSize                          = 167772160                                 {product} {ergonomic}
   size_t MarkStackSize                            = 4194304                                   {product} {ergonomic}
   size_t MaxHeapSize                              = 2147483648                                {product} {command line}
   size_t MaxNewSize                               = 1287651328                                {product} {ergonomic}
   size_t MinHeapDeltaBytes                        = 1048576                                   {product} {ergonomic}
    uintx NonNMethodCodeHeapSize                   = 5830732                                {pd product} {ergonomic}
    uintx NonProfiledCodeHeapSize                  = 122913754                              {pd product} {ergonomic}
    uintx ProfiledCodeHeapSize                     = 122913754                              {pd product} {ergonomic}
    uintx ReservedCodeCacheSize                    = 251658240                              {pd product} {ergonomic}
     bool SegmentedCodeCache                       = true                                      {product} {ergonomic}
     bool UseCompressedClassPointers               = true                                 {lp64_product} {ergonomic}
     bool UseCompressedOops                        = true                                 {lp64_product} {ergonomic}
     bool UseG1GC                                  = true                                      {product} {ergonomic}
     bool UseLargePagesIndividualAllocation        = false                                  {pd product} {ergonomic}

Logging:
Log output configuration:
 #0: stdout all=warning uptime,level,tags
 #1: stderr all=off uptime,level,tags

Environment Variables:
JAVA_HOME=C:\Program Files\Java\jdk1.8.0_271
PATH=C:\Program Files (x86)\Common Files\Oracle\Java\javapath;C:\Windows\system32;C:\Windows;C:\Windows\System32\Wbem;C:\Windows\System32\WindowsPowerShell\v1.0\;C:\Windows\System32\OpenSSH\;C:\ProgramData\chocolatey\bin;C:\Program Files\Java\jdk1.8.0_271\bin;C:\Program Files\Microsoft\Web Platform Installer\;C:\Program Files\Git\cmd;C:\Users\Sarfo\AppData\Local\Microsoft\WindowsApps;C:\Users\Sarfo\AppData\Local\Programs\Microsoft VS Code\bin
USERNAME=Sarfo
OS=Windows_NT
PROCESSOR_IDENTIFIER=Intel64 Family 6 Model 58 Stepping 9, GenuineIntel



---------------  S Y S T E M  ---------------

OS: Windows 10 , 64 bit Build 19041 (10.0.19041.1348)
OS uptime: 0 days 2:15 hours

CPU:total 4 (initial active 4) (2 cores per cpu, 2 threads per core) family 6 model 58 stepping 9 microcode 0x21, cmov, cx8, fxsr, mmx, sse, sse2, sse3, ssse3, sse4.1, sse4.2, popcnt, avx, aes, clmul, erms, ht, tsc, tscinvbit, tscinv

Memory: 4k page, system-wide physical 10171M (2763M free)
TotalPageFile size 13627M (AvailPageFile size 3686M)
current process WorkingSet (physical memory assigned to process): 456M, peak: 459M
current process commit charge ("private bytes"): 563M, peak: 564M

vm_info: OpenJDK 64-Bit Server VM (11.0.10+0-b96-7249189) for windows-amd64 JRE (11.0.10+0-b96-7249189), built on Mar 31 2021 21:44:00 by "builder" with MS VC++ 14.0 (VS2015)

END.
